# JRE version: Java(TM) SE Runtime Environment (8.0_05-b13) (build 1.8.0_05-b13)
# Java VM: Java HotSpot(TM) 64-Bit Server VM (25.5-b02 mixed mode windows-amd64 compressed oops)
Heap:
 PSYoungGen      total 126464K, used 21074K [0x00000000d6e00000, 0x00000000dfa00000, 0x0000000100000000)
  eden space 111616K, 11% used [0x00000000d6e00000,0x00000000d7aff1e8,0x00000000ddb00000)
  from space 14848K, 52% used [0x00000000deb80000,0x00000000df315618,0x00000000dfa00000)
  to   space 15872K, 0% used [0x00000000ddb00000,0x00000000ddb00000,0x00000000dea80000)
 ParOldGen       total 37888K, used 33079K [0x0000000084a00000, 0x0000000086f00000, 0x00000000d6e00000)
  object space 37888K, 87% used [0x0000000084a00000,0x0000000086a4dff8,0x0000000086f00000)
 Metaspace       used 63853K, capacity 67154K, committed 67328K, reserved 1107968K
  class space    used 8836K, capacity 9453K, committed 9472K, reserved 1048576K
GC Heap History (10 events):
Event: 29.475 GC heap before
{Heap before GC invocations=32 (full 5):
 PSYoungGen      total 117760K, used 113201K [0x00000000d6e00000, 0x00000000df100000, 0x0000000100000000)
  eden space 104448K, 100% used [0x00000000d6e00000,0x00000000dd400000,0x00000000dd400000)
  from space 13312K, 65% used [0x00000000de200000,0x00000000dea8c570,0x00000000def00000)
  to   space 14336K, 0% used [0x00000000dd400000,0x00000000dd400000,0x00000000de200000)
 ParOldGen       total 37888K, used 27456K [0x0000000084a00000, 0x0000000086f00000, 0x00000000d6e00000)
  object space 37888K, 72% used [0x0000000084a00000,0x00000000864d03d8,0x0000000086f00000)
 Metaspace       used 60424K, capacity 63394K, committed 63488K, reserved 1103872K
  class space    used 8346K, capacity 8906K, committed 8960K, reserved 1048576K
Event: 29.495 GC heap after
Heap after GC invocations=32 (full 5):
 PSYoungGen      total 118784K, used 12478K [0x00000000d6e00000, 0x00000000df800000, 0x0000000100000000)
  eden space 104448K, 0% used [0x00000000d6e00000,0x00000000d6e00000,0x00000000dd400000)
  from space 14336K, 87% used [0x00000000dd400000,0x00000000de02fa48,0x00000000de200000)
  to   space 15872K, 0% used [0x00000000de880000,0x00000000de880000,0x00000000df800000)
 ParOldGen       total 37888K, used 27464K [0x0000000084a00000, 0x0000000086f00000, 0x00000000d6e00000)
  object space 37888K, 72% used [0x0000000084a00000,0x00000000864d23d8,0x0000000086f00000)
 Metaspace       used 60424K, capacity 63394K, committed 63488K, reserved 1103872K
  class space    used 8346K, capacity 8906K, committed 8960K, reserved 1048576K
}
Event: 79.333 GC heap before
{Heap before GC invocations=33 (full 5):
 PSYoungGen      total 118784K, used 70855K [0x00000000d6e00000, 0x00000000df800000, 0x0000000100000000)
  eden space 104448K, 55% used [0x00000000d6e00000,0x00000000da7022d0,0x00000000dd400000)
  from space 14336K, 87% used [0x00000000dd400000,0x00000000de02fa48,0x00000000de200000)
  to   space 15872K, 0% used [0x00000000de880000,0x00000000de880000,0x00000000df800000)
 ParOldGen       total 37888K, used 27464K [0x0000000084a00000, 0x0000000086f00000, 0x00000000d6e00000)
  object space 37888K, 72% used [0x0000000084a00000,0x00000000864d23d8,0x0000000086f00000)
 Metaspace       used 63008K, capacity 66118K, committed 66176K, reserved 1105920K
  class space    used 8729K, capacity 9311K, committed 9344K, reserved 1048576K
Event: 79.354 GC heap after
Heap after GC invocations=33 (full 5):
 PSYoungGen      total 123904K, used 12167K [0x00000000d6e00000, 0x00000000dfb00000, 0x0000000100000000)
  eden space 108032K, 0% used [0x00000000d6e00000,0x00000000d6e00000,0x00000000dd780000)
  from space 15872K, 76% used [0x00000000de880000,0x00000000df461e90,0x00000000df800000)
  to   space 17408K, 0% used [0x00000000dd780000,0x00000000dd780000,0x00000000de880000)
 ParOldGen       total 37888K, used 27472K [0x0000000084a00000, 0x0000000086f00000, 0x00000000d6e00000)
  object space 37888K, 72% used [0x0000000084a00000,0x00000000864d43d8,0x0000000086f00000)
 Metaspace       used 63008K, capacity 66118K, committed 66176K, reserved 1105920K
  class space    used 8729K, capacity 9311K, committed 9344K, reserved 1048576K
}
Event: 79.354 GC heap before
{Heap before GC invocations=34 (full 6):
 PSYoungGen      total 123904K, used 12167K [0x00000000d6e00000, 0x00000000dfb00000, 0x0000000100000000)
  eden space 108032K, 0% used [0x00000000d6e00000,0x00000000d6e00000,0x00000000dd780000)
  from space 15872K, 76% used [0x00000000de880000,0x00000000df461e90,0x00000000df800000)
  to   space 17408K, 0% used [0x00000000dd780000,0x00000000dd780000,0x00000000de880000)
 ParOldGen       total 37888K, used 27472K [0x0000000084a00000, 0x0000000086f00000, 0x00000000d6e00000)
  object space 37888K, 72% used [0x0000000084a00000,0x00000000864d43d8,0x0000000086f00000)
 Metaspace       used 63008K, capacity 66118K, committed 66176K, reserved 1105920K
  class space    used 8729K, capacity 9311K, committed 9344K, reserved 1048576K
Event: 80.335 GC heap after
Heap after GC invocations=34 (full 6):
 PSYoungGen      total 123904K, used 0K [0x00000000d6e00000, 0x00000000dfb00000, 0x0000000100000000)
  eden space 108032K, 0% used [0x00000000d6e00000,0x00000000d6e00000,0x00000000dd780000)
  from space 15872K, 0% used [0x00000000de880000,0x00000000de880000,0x00000000df800000)
  to   space 17408K, 0% used [0x00000000dd780000,0x00000000dd780000,0x00000000de880000)
 ParOldGen       total 37888K, used 33071K [0x0000000084a00000, 0x0000000086f00000, 0x00000000d6e00000)
  object space 37888K, 87% used [0x0000000084a00000,0x0000000086a4bff8,0x0000000086f00000)
 Metaspace       used 63008K, capacity 66118K, committed 66176K, reserved 1105920K
  class space    used 8729K, capacity 9311K, committed 9344K, reserved 1048576K
}
Event: 98.554 GC heap before
{Heap before GC invocations=35 (full 6):
 PSYoungGen      total 123904K, used 108032K [0x00000000d6e00000, 0x00000000dfb00000, 0x0000000100000000)
  eden space 108032K, 100% used [0x00000000d6e00000,0x00000000dd780000,0x00000000dd780000)
  from space 15872K, 0% used [0x00000000de880000,0x00000000de880000,0x00000000df800000)
  to   space 17408K, 0% used [0x00000000dd780000,0x00000000dd780000,0x00000000de880000)
 ParOldGen       total 37888K, used 33071K [0x0000000084a00000, 0x0000000086f00000, 0x00000000d6e00000)
  object space 37888K, 87% used [0x0000000084a00000,0x0000000086a4bff8,0x0000000086f00000)
 Metaspace       used 63459K, capacity 66716K, committed 66816K, reserved 1105920K
  class space    used 8803K, capacity 9434K, committed 9472K, reserved 1048576K
Event: 98.599 GC heap after
Heap after GC invocations=35 (full 6):
 PSYoungGen      total 125440K, used 5743K [0x00000000d6e00000, 0x00000000dfb80000, 0x0000000100000000)
  eden space 108032K, 0% used [0x00000000d6e00000,0x00000000d6e00000,0x00000000dd780000)
  from space 17408K, 32% used [0x00000000dd780000,0x00000000ddd1bcf8,0x00000000de880000)
  to   space 16384K, 0% used [0x00000000deb80000,0x00000000deb80000,0x00000000dfb80000)
 ParOldGen       total 37888K, used 33079K [0x0000000084a00000, 0x0000000086f00000, 0x00000000d6e00000)
  object space 37888K, 87% used [0x0000000084a00000,0x0000000086a4dff8,0x0000000086f00000)
 Metaspace       used 63459K, capacity 66716K, committed 66816K, reserved 1105920K
  class space    used 8803K, capacity 9434K, committed 9472K, reserved 1048576K
}
Event: 107.292 GC heap before
{Heap before GC invocations=36 (full 6):
 PSYoungGen      total 125440K, used 113775K [0x00000000d6e00000, 0x00000000dfb80000, 0x0000000100000000)
  eden space 108032K, 100% used [0x00000000d6e00000,0x00000000dd780000,0x00000000dd780000)
  from space 17408K, 32% used [0x00000000dd780000,0x00000000ddd1bcf8,0x00000000de880000)
  to   space 16384K, 0% used [0x00000000deb80000,0x00000000deb80000,0x00000000dfb80000)
 ParOldGen       total 37888K, used 33079K [0x0000000084a00000, 0x0000000086f00000, 0x00000000d6e00000)
  object space 37888K, 87% used [0x0000000084a00000,0x0000000086a4dff8,0x0000000086f00000)
 Metaspace       used 63662K, capacity 67002K, committed 67072K, reserved 1107968K
  class space    used 8823K, capacity 9449K, committed 9472K, reserved 1048576K
Event: 107.306 GC heap after
Heap after GC invocations=36 (full 6):
 PSYoungGen      total 126464K, used 7765K [0x00000000d6e00000, 0x00000000dfa00000, 0x0000000100000000)
  eden space 111616K, 0% used [0x00000000d6e00000,0x00000000d6e00000,0x00000000ddb00000)
  from space 14848K, 52% used [0x00000000deb80000,0x00000000df315618,0x00000000dfa00000)
  to   space 15872K, 0% used [0x00000000ddb00000,0x00000000ddb00000,0x00000000dea80000)
 ParOldGen       total 37888K, used 33079K [0x0000000084a00000, 0x0000000086f00000, 0x00000000d6e00000)
  object space 37888K, 87% used [0x0000000084a00000,0x0000000086a4dff8,0x0000000086f00000)
 Metaspace       used 63662K, capacity 67002K, committed 67072K, reserved 1107968K
  class space    used 8823K, capacity 9449K, committed 9472K, reserved 1048576K
}

