# JRE version: Java(TM) SE Runtime Environment (8.0_05-b13) (build 1.8.0_05-b13)
# Java VM: Java HotSpot(TM) 64-Bit Server VM (25.5-b02 mixed mode windows-amd64 compressed oops)
Heap:
 PSYoungGen      total 81920K, used 15486K [0x00000000d6e00000, 0x00000000dd500000, 0x0000000100000000)
  eden space 68096K, 3% used [0x00000000d6e00000,0x00000000d709e788,0x00000000db080000)
  from space 13824K, 92% used [0x00000000db080000,0x00000000dbd012d0,0x00000000dbe00000)
  to   space 15872K, 0% used [0x00000000dc580000,0x00000000dc580000,0x00000000dd500000)
 ParOldGen       total 26624K, used 17597K [0x0000000084a00000, 0x0000000086400000, 0x00000000d6e00000)
  object space 26624K, 66% used [0x0000000084a00000,0x0000000085b2f760,0x0000000086400000)
 Metaspace       used 58042K, capacity 60124K, committed 60336K, reserved 1101824K
  class space    used 7888K, capacity 8248K, committed 8368K, reserved 1048576K
GC Heap History (10 events):
Event: 42.415 GC heap before
{Heap before GC invocations=31 (full 4):
 PSYoungGen      total 69120K, used 64140K [0x00000000d6e00000, 0x00000000dbd00000, 0x0000000100000000)
  eden space 62464K, 100% used [0x00000000d6e00000,0x00000000dab00000,0x00000000dab00000)
  from space 6656K, 25% used [0x00000000db380000,0x00000000db5232d0,0x00000000dba00000)
  to   space 8704K, 0% used [0x00000000dab00000,0x00000000dab00000,0x00000000db380000)
 ParOldGen       total 26624K, used 17269K [0x0000000084a00000, 0x0000000086400000, 0x00000000d6e00000)
  object space 26624K, 64% used [0x0000000084a00000,0x0000000085add760,0x0000000086400000)
 Metaspace       used 42812K, capacity 44178K, committed 44464K, reserved 1087488K
  class space    used 5680K, capacity 5955K, committed 6064K, reserved 1048576K
Event: 42.561 GC heap after
Heap after GC invocations=31 (full 4):
 PSYoungGen      total 71168K, used 7742K [0x00000000d6e00000, 0x00000000dc380000, 0x0000000100000000)
  eden space 62464K, 0% used [0x00000000d6e00000,0x00000000d6e00000,0x00000000dab00000)
  from space 8704K, 88% used [0x00000000dab00000,0x00000000db28faa8,0x00000000db380000)
  to   space 10240K, 0% used [0x00000000db980000,0x00000000db980000,0x00000000dc380000)
 ParOldGen       total 26624K, used 17573K [0x0000000084a00000, 0x0000000086400000, 0x00000000d6e00000)
  object space 26624K, 66% used [0x0000000084a00000,0x0000000085b29760,0x0000000086400000)
 Metaspace       used 42812K, capacity 44178K, committed 44464K, reserved 1087488K
  class space    used 5680K, capacity 5955K, committed 6064K, reserved 1048576K
}
Event: 49.166 GC heap before
{Heap before GC invocations=32 (full 4):
 PSYoungGen      total 71168K, used 70206K [0x00000000d6e00000, 0x00000000dc380000, 0x0000000100000000)
  eden space 62464K, 100% used [0x00000000d6e00000,0x00000000dab00000,0x00000000dab00000)
  from space 8704K, 88% used [0x00000000dab00000,0x00000000db28faa8,0x00000000db380000)
  to   space 10240K, 0% used [0x00000000db980000,0x00000000db980000,0x00000000dc380000)
 ParOldGen       total 26624K, used 17573K [0x0000000084a00000, 0x0000000086400000, 0x00000000d6e00000)
  object space 26624K, 66% used [0x0000000084a00000,0x0000000085b29760,0x0000000086400000)
 Metaspace       used 47786K, capacity 49208K, committed 49584K, reserved 1091584K
  class space    used 6445K, capacity 6708K, committed 6832K, reserved 1048576K
Event: 49.185 GC heap after
Heap after GC invocations=32 (full 4):
 PSYoungGen      total 76288K, used 8768K [0x00000000d6e00000, 0x00000000dc500000, 0x0000000100000000)
  eden space 66048K, 0% used [0x00000000d6e00000,0x00000000d6e00000,0x00000000dae80000)
  from space 10240K, 85% used [0x00000000db980000,0x00000000dc210178,0x00000000dc380000)
  to   space 11264K, 0% used [0x00000000dae80000,0x00000000dae80000,0x00000000db980000)
 ParOldGen       total 26624K, used 17589K [0x0000000084a00000, 0x0000000086400000, 0x00000000d6e00000)
  object space 26624K, 66% used [0x0000000084a00000,0x0000000085b2d760,0x0000000086400000)
 Metaspace       used 47786K, capacity 49208K, committed 49584K, reserved 1091584K
  class space    used 6445K, capacity 6708K, committed 6832K, reserved 1048576K
}
Event: 55.361 GC heap before
{Heap before GC invocations=33 (full 4):
 PSYoungGen      total 76288K, used 74816K [0x00000000d6e00000, 0x00000000dc500000, 0x0000000100000000)
  eden space 66048K, 100% used [0x00000000d6e00000,0x00000000dae80000,0x00000000dae80000)
  from space 10240K, 85% used [0x00000000db980000,0x00000000dc210178,0x00000000dc380000)
  to   space 11264K, 0% used [0x00000000dae80000,0x00000000dae80000,0x00000000db980000)
 ParOldGen       total 26624K, used 17589K [0x0000000084a00000, 0x0000000086400000, 0x00000000d6e00000)
  object space 26624K, 66% used [0x0000000084a00000,0x0000000085b2d760,0x0000000086400000)
 Metaspace       used 51680K, capacity 53238K, committed 53552K, reserved 1095680K
  class space    used 7071K, capacity 7371K, committed 7472K, reserved 1048576K
Event: 55.373 GC heap after
Heap after GC invocations=33 (full 4):
 PSYoungGen      total 77312K, used 8962K [0x00000000d6e00000, 0x00000000dca00000, 0x0000000100000000)
  eden space 66048K, 0% used [0x00000000d6e00000,0x00000000d6e00000,0x00000000dae80000)
  from space 11264K, 79% used [0x00000000dae80000,0x00000000db740aa0,0x00000000db980000)
  to   space 12288K, 0% used [0x00000000dbe00000,0x00000000dbe00000,0x00000000dca00000)
 ParOldGen       total 26624K, used 17597K [0x0000000084a00000, 0x0000000086400000, 0x00000000d6e00000)
  object space 26624K, 66% used [0x0000000084a00000,0x0000000085b2f760,0x0000000086400000)
 Metaspace       used 51680K, capacity 53238K, committed 53552K, reserved 1095680K
  class space    used 7071K, capacity 7371K, committed 7472K, reserved 1048576K
}
Event: 61.649 GC heap before
{Heap before GC invocations=34 (full 4):
 PSYoungGen      total 77312K, used 75010K [0x00000000d6e00000, 0x00000000dca00000, 0x0000000100000000)
  eden space 66048K, 100% used [0x00000000d6e00000,0x00000000dae80000,0x00000000dae80000)
  from space 11264K, 79% used [0x00000000dae80000,0x00000000db740aa0,0x00000000db980000)
  to   space 12288K, 0% used [0x00000000dbe00000,0x00000000dbe00000,0x00000000dca00000)
 ParOldGen       total 26624K, used 17597K [0x0000000084a00000, 0x0000000086400000, 0x00000000d6e00000)
  object space 26624K, 66% used [0x0000000084a00000,0x0000000085b2f760,0x0000000086400000)
 Metaspace       used 56264K, capacity 58318K, committed 58544K, reserved 1099776K
  class space    used 7712K, capacity 8081K, committed 8112K, reserved 1048576K
Event: 61.782 GC heap after
Heap after GC invocations=34 (full 4):
 PSYoungGen      total 80384K, used 11110K [0x00000000d6e00000, 0x00000000dce00000, 0x0000000100000000)
  eden space 68096K, 0% used [0x00000000d6e00000,0x00000000d6e00000,0x00000000db080000)
  from space 12288K, 90% used [0x00000000dbe00000,0x00000000dc8d9818,0x00000000dca00000)
  to   space 13824K, 0% used [0x00000000db080000,0x00000000db080000,0x00000000dbe00000)
 ParOldGen       total 26624K, used 17597K [0x0000000084a00000, 0x0000000086400000, 0x00000000d6e00000)
  object space 26624K, 66% used [0x0000000084a00000,0x0000000085b2f760,0x0000000086400000)
 Metaspace       used 56264K, capacity 58318K, committed 58544K, reserved 1099776K
  class space    used 7712K, capacity 8081K, committed 8112K, reserved 1048576K
}
Event: 65.854 GC heap before
{Heap before GC invocations=35 (full 4):
 PSYoungGen      total 80384K, used 79206K [0x00000000d6e00000, 0x00000000dce00000, 0x0000000100000000)
  eden space 68096K, 100% used [0x00000000d6e00000,0x00000000db080000,0x00000000db080000)
  from space 12288K, 90% used [0x00000000dbe00000,0x00000000dc8d9818,0x00000000dca00000)
  to   space 13824K, 0% used [0x00000000db080000,0x00000000db080000,0x00000000dbe00000)
 ParOldGen       total 26624K, used 17597K [0x0000000084a00000, 0x0000000086400000, 0x00000000d6e00000)
  object space 26624K, 66% used [0x0000000084a00000,0x0000000085b2f760,0x0000000086400000)
 Metaspace       used 58024K, capacity 60124K, committed 60336K, reserved 1101824K
  class space    used 7887K, capacity 8248K, committed 8368K, reserved 1048576K
Event: 65.939 GC heap after
Heap after GC invocations=35 (full 4):
 PSYoungGen      total 81920K, used 12804K [0x00000000d6e00000, 0x00000000dd500000, 0x0000000100000000)
  eden space 68096K, 0% used [0x00000000d6e00000,0x00000000d6e00000,0x00000000db080000)
  from space 13824K, 92% used [0x00000000db080000,0x00000000dbd012d0,0x00000000dbe00000)
  to   space 15872K, 0% used [0x00000000dc580000,0x00000000dc580000,0x00000000dd500000)
 ParOldGen       total 26624K, used 17597K [0x0000000084a00000, 0x0000000086400000, 0x00000000d6e00000)
  object space 26624K, 66% used [0x0000000084a00000,0x0000000085b2f760,0x0000000086400000)
 Metaspace       used 58024K, capacity 60124K, committed 60336K, reserved 1101824K
  class space    used 7887K, capacity 8248K, committed 8368K, reserved 1048576K
}

